<?xml version="1.0" encoding="UTF-8"?>
<testsuite name="runner.LoginBasicRunnerTest" tests="5" skipped="0" failures="0" errors="0" timestamp="2023-01-16T02:52:50" hostname="DESKTOP-KOUH5KC" time="13.265">
  <properties/>
  <testcase name="Private crocodile api - Login with token authentication to create a new crocodile" classname="runner.LoginBasicRunnerTest" time="7.052"/>
  <testcase name="Login with basic authentication - Login with valid account" classname="runner.LoginBasicRunnerTest" time="1.514"/>
  <testcase name="Login with basic authentication - Login with invalid account - Examples - Example #1.1" classname="runner.LoginBasicRunnerTest" time="1.533"/>
  <testcase name="Login with basic authentication - Login with invalid account - Examples - Example #1.2" classname="runner.LoginBasicRunnerTest" time="1.775"/>
  <testcase name="Login with basic authentication - Login with invalid account - Examples - Example #1.3" classname="runner.LoginBasicRunnerTest" time="1.383"/>
  <system-out><![CDATA[There is a Incorrect username or password.
There is a Incorrect username or password.
There is a Incorrect username or password.
]]></system-out>
  <system-err><![CDATA[?[32m?[1m??????????????????????????????????????????????????????????????????????????????????????[0m
?[32m?[1m??[0m Share your Cucumber Report with your team at ?[36m?[1m?[4mhttps://reports.cucumber.io?[0m          ?[32m?[1m??[0m
?[32m?[1m??[0m Activate publishing with one of the following:                                    ?[32m?[1m??[0m
?[32m?[1m??[0m                                                                                   ?[32m?[1m??[0m
?[32m?[1m??[0m src/test/resources/cucumber.properties:          ?[36mcucumber.publish.enabled?[0m=?[36mtrue?[0m    ?[32m?[1m??[0m
?[32m?[1m??[0m src/test/resources/junit-platform.properties:    ?[36mcucumber.publish.enabled?[0m=?[36mtrue?[0m    ?[32m?[1m??[0m
?[32m?[1m??[0m Environment variable:                            ?[36mCUCUMBER_PUBLISH_ENABLED?[0m=?[36mtrue?[0m    ?[32m?[1m??[0m
?[32m?[1m??[0m JUnit:                                           ?[36m@CucumberOptions?[0m(publish = ?[36mtrue?[0m) ?[32m?[1m??[0m
?[32m?[1m??[0m                                                                                   ?[32m?[1m??[0m
?[32m?[1m??[0m More information at ?[36mhttps://cucumber.io/docs/cucumber/environment-variables/?[0m      ?[32m?[1m??[0m
?[32m?[1m??[0m                                                                                   ?[32m?[1m??[0m
?[32m?[1m??[0m Disable this message with one of the following:                                   ?[32m?[1m??[0m
?[32m?[1m??[0m                                                                                   ?[32m?[1m??[0m
?[32m?[1m??[0m src/test/resources/cucumber.properties:          ?[36mcucumber.publish.quiet?[0m=?[36mtrue?[0m      ?[32m?[1m??[0m
?[32m?[1m??[0m src/test/resources/junit-platform.properties:    ?[36mcucumber.publish.quiet?[0m=?[36mtrue?[0m      ?[32m?[1m??[0m
?[32m?[1m??????????????????????????????????????????????????????????????????????????????????????[0m
]]></system-err>
</testsuite>
